2020-03-30 00:53:22.336  INFO 11732 --- [main] c.f.v.VpcManagerApplicationTests         : Starting VpcManagerApplicationTests on zlyu-bwa01 with PID 11732 (started by zlyu in D:\Fork\alcor\vpcmanager)
2020-03-30 00:53:22.340  INFO 11732 --- [main] c.f.v.VpcManagerApplicationTests         : No active profile set, falling back to default profiles: default
2020-03-30 00:53:24.481  INFO 11732 --- [main] .s.d.r.c.RepositoryConfigurationDelegate : Multiple Spring Data modules found, entering strict repository configuration mode!
2020-03-30 00:53:24.486  INFO 11732 --- [main] .s.d.r.c.RepositoryConfigurationDelegate : Bootstrapping Spring Data Redis repositories in DEFAULT mode.
2020-03-30 00:53:24.548  INFO 11732 --- [main] .s.d.r.c.RepositoryConfigurationDelegate : Finished Spring Data repository scanning in 35ms. Found 0 Redis repository interfaces.
2020-03-30 00:53:25.791  WARN 11732 --- [main] global                                   : Failed: Log Configuration
2020-03-30 00:53:25.803  INFO 11732 --- [main] global                                   : VpcRepository init completed
2020-03-30 00:53:26.663  INFO 11732 --- [main] o.s.s.concurrent.ThreadPoolTaskExecutor  : Initializing ExecutorService 'applicationTaskExecutor'
2020-03-30 00:53:27.614  INFO 11732 --- [main] o.s.b.a.e.web.EndpointLinksResolver      : Exposing 2 endpoint(s) beneath base path '/actuator'
2020-03-30 00:53:27.788  INFO 11732 --- [redisContainer-1] io.lettuce.core.EpollProvider            : Starting without optional epoll library
2020-03-30 00:53:27.791  INFO 11732 --- [redisContainer-1] io.lettuce.core.KqueueProvider           : Starting without optional kqueue library
2020-03-30 00:53:32.040 ERROR 11732 --- [redisContainer-1] o.s.d.r.l.RedisMessageListenerContainer  : Connection failure occurred. Restarting subscription task after 5000 ms
2020-03-30 00:53:32.680  INFO 11732 --- [main] c.f.v.VpcManagerApplicationTests         : Started VpcManagerApplicationTests in 10.974 seconds (JVM running for 12.863)
2020-03-30 00:53:33.207  INFO 11732 --- [SpringContextShutdownHook] o.s.s.concurrent.ThreadPoolTaskExecutor  : Shutting down ExecutorService 'applicationTaskExecutor'
2020-03-30 01:47:14.395  INFO 11228 --- [main] c.f.v.VpcManagerApplicationTests         : Starting VpcManagerApplicationTests on zlyu-bwa01 with PID 11228 (started by zlyu in D:\Fork\alcor\vpcmanager)
2020-03-30 01:47:14.400  INFO 11228 --- [main] c.f.v.VpcManagerApplicationTests         : No active profile set, falling back to default profiles: default
2020-03-30 01:47:15.929  INFO 11228 --- [main] .s.d.r.c.RepositoryConfigurationDelegate : Multiple Spring Data modules found, entering strict repository configuration mode!
2020-03-30 01:47:15.935  INFO 11228 --- [main] .s.d.r.c.RepositoryConfigurationDelegate : Bootstrapping Spring Data Redis repositories in DEFAULT mode.
2020-03-30 01:47:15.990  INFO 11228 --- [main] .s.d.r.c.RepositoryConfigurationDelegate : Finished Spring Data repository scanning in 29ms. Found 0 Redis repository interfaces.
2020-03-30 01:47:17.495  WARN 11228 --- [main] global                                   : Failed: Log Configuration
2020-03-30 01:47:17.509  INFO 11228 --- [main] global                                   : VpcRepository init completed
2020-03-30 01:47:18.776  INFO 11228 --- [main] o.s.s.concurrent.ThreadPoolTaskExecutor  : Initializing ExecutorService 'applicationTaskExecutor'
2020-03-30 01:47:20.254  INFO 11228 --- [main] o.s.b.a.e.web.EndpointLinksResolver      : Exposing 2 endpoint(s) beneath base path '/actuator'
2020-03-30 01:47:20.570  INFO 11228 --- [redisContainer-1] io.lettuce.core.EpollProvider            : Starting without optional epoll library
2020-03-30 01:47:20.573  INFO 11228 --- [redisContainer-1] io.lettuce.core.KqueueProvider           : Starting without optional kqueue library
2020-03-30 01:47:25.054 ERROR 11228 --- [redisContainer-1] o.s.d.r.l.RedisMessageListenerContainer  : Connection failure occurred. Restarting subscription task after 5000 ms
2020-03-30 01:47:25.369  INFO 11228 --- [main] c.f.v.VpcManagerApplicationTests         : Started VpcManagerApplicationTests in 11.547 seconds (JVM running for 13.215)
2020-03-30 01:47:26.097  INFO 11228 --- [SpringContextShutdownHook] o.s.s.concurrent.ThreadPoolTaskExecutor  : Shutting down ExecutorService 'applicationTaskExecutor'
2020-03-30 11:11:17.667  INFO 16752 --- [main] c.f.v.VpcManagerApplicationTests         : Starting VpcManagerApplicationTests on zlyu-bwa01 with PID 16752 (started by zlyu in D:\Fork\alcor\vpcmanager)
2020-03-30 11:11:17.671  INFO 16752 --- [main] c.f.v.VpcManagerApplicationTests         : No active profile set, falling back to default profiles: default
2020-03-30 11:11:19.202  INFO 16752 --- [main] .s.d.r.c.RepositoryConfigurationDelegate : Multiple Spring Data modules found, entering strict repository configuration mode!
2020-03-30 11:11:19.206  INFO 16752 --- [main] .s.d.r.c.RepositoryConfigurationDelegate : Bootstrapping Spring Data Redis repositories in DEFAULT mode.
2020-03-30 11:11:19.243  INFO 16752 --- [main] .s.d.r.c.RepositoryConfigurationDelegate : Finished Spring Data repository scanning in 18ms. Found 0 Redis repository interfaces.
2020-03-30 11:11:20.310  WARN 16752 --- [main] global                                   : Failed: Log Configuration
2020-03-30 11:11:20.321  INFO 16752 --- [main] global                                   : VpcRepository init completed
2020-03-30 11:11:21.579  INFO 16752 --- [main] o.s.s.concurrent.ThreadPoolTaskExecutor  : Initializing ExecutorService 'applicationTaskExecutor'
2020-03-30 11:11:22.718  INFO 16752 --- [main] o.s.b.a.e.web.EndpointLinksResolver      : Exposing 2 endpoint(s) beneath base path '/actuator'
2020-03-30 11:11:22.960  INFO 16752 --- [redisContainer-1] io.lettuce.core.EpollProvider            : Starting without optional epoll library
2020-03-30 11:11:22.965  INFO 16752 --- [redisContainer-1] io.lettuce.core.KqueueProvider           : Starting without optional kqueue library
2020-03-30 11:11:27.055 ERROR 16752 --- [redisContainer-1] o.s.d.r.l.RedisMessageListenerContainer  : Connection failure occurred. Restarting subscription task after 5000 ms
2020-03-30 11:11:27.818  INFO 16752 --- [main] c.f.v.VpcManagerApplicationTests         : Started VpcManagerApplicationTests in 11.523 seconds (JVM running for 12.932)
2020-03-30 11:11:28.288  INFO 16752 --- [SpringContextShutdownHook] o.s.s.concurrent.ThreadPoolTaskExecutor  : Shutting down ExecutorService 'applicationTaskExecutor'
2020-03-30 11:49:06.945  INFO 6936 --- [main] c.f.v.VpcManagerApplicationTests         : Starting VpcManagerApplicationTests on zlyu-bwa01 with PID 6936 (started by zlyu in D:\Fork\alcor\vpcmanager)
2020-03-30 11:49:06.947  INFO 6936 --- [main] c.f.v.VpcManagerApplicationTests         : No active profile set, falling back to default profiles: default
2020-03-30 11:49:08.964  INFO 6936 --- [main] .s.d.r.c.RepositoryConfigurationDelegate : Multiple Spring Data modules found, entering strict repository configuration mode!
2020-03-30 11:49:08.968  INFO 6936 --- [main] .s.d.r.c.RepositoryConfigurationDelegate : Bootstrapping Spring Data Redis repositories in DEFAULT mode.
2020-03-30 11:49:08.998  INFO 6936 --- [main] .s.d.r.c.RepositoryConfigurationDelegate : Finished Spring Data repository scanning in 17ms. Found 0 Redis repository interfaces.
2020-03-30 11:49:09.774  WARN 6936 --- [main] global                                   : Failed: Log Configuration
2020-03-30 11:49:09.781  INFO 6936 --- [main] global                                   : VpcRepository init completed
2020-03-30 11:49:10.502  INFO 6936 --- [main] o.s.s.concurrent.ThreadPoolTaskExecutor  : Initializing ExecutorService 'applicationTaskExecutor'
2020-03-30 11:49:11.407  INFO 6936 --- [main] o.s.b.a.e.web.EndpointLinksResolver      : Exposing 2 endpoint(s) beneath base path '/actuator'
2020-03-30 11:49:11.575  INFO 6936 --- [redisContainer-1] io.lettuce.core.EpollProvider            : Starting without optional epoll library
2020-03-30 11:49:11.579  INFO 6936 --- [redisContainer-1] io.lettuce.core.KqueueProvider           : Starting without optional kqueue library
2020-03-30 11:49:16.477  INFO 6936 --- [main] c.f.v.VpcManagerApplicationTests         : Started VpcManagerApplicationTests in 9.889 seconds (JVM running for 11.1)
2020-03-30 11:49:16.833  INFO 6936 --- [SpringContextShutdownHook] o.s.s.concurrent.ThreadPoolTaskExecutor  : Shutting down ExecutorService 'applicationTaskExecutor'
2020-03-30 13:52:27.853  INFO 12044 --- [main] c.f.v.VpcManagerApplicationTests         : Starting VpcManagerApplicationTests on zlyu-bwa01 with PID 12044 (started by zlyu in D:\Fork\alcor\vpcmanager)
2020-03-30 13:52:27.856  INFO 12044 --- [main] c.f.v.VpcManagerApplicationTests         : No active profile set, falling back to default profiles: default
2020-03-30 13:52:29.241  INFO 12044 --- [main] .s.d.r.c.RepositoryConfigurationDelegate : Multiple Spring Data modules found, entering strict repository configuration mode!
2020-03-30 13:52:29.245  INFO 12044 --- [main] .s.d.r.c.RepositoryConfigurationDelegate : Bootstrapping Spring Data Redis repositories in DEFAULT mode.
2020-03-30 13:52:29.279  INFO 12044 --- [main] .s.d.r.c.RepositoryConfigurationDelegate : Finished Spring Data repository scanning in 20ms. Found 0 Redis repository interfaces.
2020-03-30 13:52:29.984  WARN 12044 --- [main] global                                   : Failed: Log Configuration
2020-03-30 13:52:29.990  INFO 12044 --- [main] global                                   : VpcRepository init completed
2020-03-30 13:52:30.594  INFO 12044 --- [main] o.s.s.concurrent.ThreadPoolTaskExecutor  : Initializing ExecutorService 'applicationTaskExecutor'
2020-03-30 13:52:31.446  INFO 12044 --- [main] o.s.b.a.e.web.EndpointLinksResolver      : Exposing 2 endpoint(s) beneath base path '/actuator'
2020-03-30 13:52:31.582  INFO 12044 --- [redisContainer-1] io.lettuce.core.EpollProvider            : Starting without optional epoll library
2020-03-30 13:52:31.585  INFO 12044 --- [redisContainer-1] io.lettuce.core.KqueueProvider           : Starting without optional kqueue library
2020-03-30 13:52:35.263 ERROR 12044 --- [redisContainer-1] o.s.d.r.l.RedisMessageListenerContainer  : Connection failure occurred. Restarting subscription task after 5000 ms
2020-03-30 13:52:36.509  INFO 12044 --- [main] c.f.v.VpcManagerApplicationTests         : Started VpcManagerApplicationTests in 8.913 seconds (JVM running for 9.75)
2020-03-30 13:52:36.875  INFO 12044 --- [SpringContextShutdownHook] o.s.s.concurrent.ThreadPoolTaskExecutor  : Shutting down ExecutorService 'applicationTaskExecutor'
2020-03-30 14:04:23.939  INFO 6060 --- [main] c.f.v.VpcManagerApplicationTests         : Starting VpcManagerApplicationTests on zlyu-bwa01 with PID 6060 (started by zlyu in D:\Fork\alcor\vpcmanager)
2020-03-30 14:04:23.940  INFO 6060 --- [main] c.f.v.VpcManagerApplicationTests         : No active profile set, falling back to default profiles: default
2020-03-30 14:04:24.795  INFO 6060 --- [main] .s.d.r.c.RepositoryConfigurationDelegate : Multiple Spring Data modules found, entering strict repository configuration mode!
2020-03-30 14:04:24.801  INFO 6060 --- [main] .s.d.r.c.RepositoryConfigurationDelegate : Bootstrapping Spring Data Redis repositories in DEFAULT mode.
2020-03-30 14:04:24.833  INFO 6060 --- [main] .s.d.r.c.RepositoryConfigurationDelegate : Finished Spring Data repository scanning in 20ms. Found 0 Redis repository interfaces.
2020-03-30 14:04:25.542  WARN 6060 --- [main] global                                   : Failed: Log Configuration
2020-03-30 14:04:25.551  INFO 6060 --- [main] global                                   : VpcRepository init completed
2020-03-30 14:04:26.225  INFO 6060 --- [main] o.s.s.concurrent.ThreadPoolTaskExecutor  : Initializing ExecutorService 'applicationTaskExecutor'
2020-03-30 14:04:26.953  INFO 6060 --- [main] o.s.b.a.e.web.EndpointLinksResolver      : Exposing 2 endpoint(s) beneath base path '/actuator'
2020-03-30 14:04:27.099  INFO 6060 --- [redisContainer-1] io.lettuce.core.EpollProvider            : Starting without optional epoll library
2020-03-30 14:04:27.102  INFO 6060 --- [redisContainer-1] io.lettuce.core.KqueueProvider           : Starting without optional kqueue library
2020-03-30 14:04:30.694 ERROR 6060 --- [redisContainer-1] o.s.d.r.l.RedisMessageListenerContainer  : Connection failure occurred. Restarting subscription task after 5000 ms
2020-03-30 14:04:32.024  INFO 6060 --- [main] c.f.v.VpcManagerApplicationTests         : Started VpcManagerApplicationTests in 8.333 seconds (JVM running for 9.165)
2020-03-30 14:04:32.383  INFO 6060 --- [SpringContextShutdownHook] o.s.s.concurrent.ThreadPoolTaskExecutor  : Shutting down ExecutorService 'applicationTaskExecutor'
2020-03-30 14:20:11.989  INFO 7452 --- [main] c.f.v.VpcManagerApplicationTests         : Starting VpcManagerApplicationTests on zlyu-bwa01 with PID 7452 (started by zlyu in D:\Fork\alcor\vpcmanager)
2020-03-30 14:20:11.991  INFO 7452 --- [main] c.f.v.VpcManagerApplicationTests         : No active profile set, falling back to default profiles: default
2020-03-30 14:20:13.716  INFO 7452 --- [main] .s.d.r.c.RepositoryConfigurationDelegate : Multiple Spring Data modules found, entering strict repository configuration mode!
2020-03-30 14:20:13.719  INFO 7452 --- [main] .s.d.r.c.RepositoryConfigurationDelegate : Bootstrapping Spring Data Redis repositories in DEFAULT mode.
2020-03-30 14:20:13.750  INFO 7452 --- [main] .s.d.r.c.RepositoryConfigurationDelegate : Finished Spring Data repository scanning in 17ms. Found 0 Redis repository interfaces.
2020-03-30 14:20:14.542  WARN 7452 --- [main] global                                   : Failed: Log Configuration
2020-03-30 14:20:14.548  INFO 7452 --- [main] global                                   : VpcRepository init completed
2020-03-30 14:20:15.188  INFO 7452 --- [main] o.s.s.concurrent.ThreadPoolTaskExecutor  : Initializing ExecutorService 'applicationTaskExecutor'
2020-03-30 14:20:15.967  INFO 7452 --- [main] o.s.b.a.e.web.EndpointLinksResolver      : Exposing 2 endpoint(s) beneath base path '/actuator'
2020-03-30 14:20:16.173  INFO 7452 --- [redisContainer-1] io.lettuce.core.EpollProvider            : Starting without optional epoll library
2020-03-30 14:20:16.176  INFO 7452 --- [redisContainer-1] io.lettuce.core.KqueueProvider           : Starting without optional kqueue library
2020-03-30 14:20:20.024 ERROR 7452 --- [redisContainer-1] o.s.d.r.l.RedisMessageListenerContainer  : Connection failure occurred. Restarting subscription task after 5000 ms
2020-03-30 14:20:21.058  INFO 7452 --- [main] c.f.v.VpcManagerApplicationTests         : Started VpcManagerApplicationTests in 10.309 seconds (JVM running for 11.148)
2020-03-30 14:20:21.450  INFO 7452 --- [SpringContextShutdownHook] o.s.s.concurrent.ThreadPoolTaskExecutor  : Shutting down ExecutorService 'applicationTaskExecutor'
